<?xml version="1.0" encoding="UTF-8"?>
<!-- Generated by org.testng.reporters.JUnitXMLReporter -->
<testsuite ignored="2" hostname="DESKTOP-9ER1FJU" failures="0" tests="0" time="0.021" errors="0" timestamp="2024-06-04T15:45:00 IST">
  <testcase classname="poojaPrabhuraj.tests.StandAloneOrderTest" name="orderHistoryTest" time="0.0">
    <ignored/>
  </testcase> <!-- orderHistoryTest -->
  <testcase classname="poojaPrabhuraj.tests.StandAloneOrderTest" name="SubmitOrder" time="0.0">
    <ignored/>
  </testcase> <!-- SubmitOrder -->
</testsuite>
