<?xml version="1.0" encoding="UTF-8"?>
<!-- Generated by org.testng.reporters.JUnitXMLReporter -->
<testsuite ignored="0" hostname="DESKTOP-9ER1FJU" failures="1" tests="3" name="StandAloneOrderTest" time="34.294" errors="0" timestamp="2024-06-05T01:14:05 IST">
  <testcase classname="poojaPrabhuraj.tests.StandAloneOrderTest" name="SubmitOrder" time="6.958"/>
  <testcase classname="poojaPrabhuraj.tests.StandAloneOrderTest" name="SubmitOrder" time="6.024">
    <skipped/>
  </testcase> <!-- SubmitOrder -->
  <testcase classname="poojaPrabhuraj.tests.StandAloneOrderTest" name="SubmitOrder" time="4.693">
    <failure type="java.lang.AssertionError">
      <![CDATA[java.lang.AssertionError
at org.junit.Assert.fail(Assert.java:86)
at org.junit.Assert.assertTrue(Assert.java:41)
at org.junit.Assert.assertTrue(Assert.java:52)
at poojaPrabhuraj.tests.StandAloneOrderTest.SubmitOrder(StandAloneOrderTest.java:44)
at java.base/java.util.ArrayList.forEach(ArrayList.java:1511)
at java.base/java.util.concurrent.FutureTask.run(FutureTask.java:264)
at java.base/java.util.concurrent.ThreadPoolExecutor.runWorker(ThreadPoolExecutor.java:1136)
at java.base/java.util.concurrent.ThreadPoolExecutor$Worker.run(ThreadPoolExecutor.java:635)
at java.base/java.lang.Thread.run(Thread.java:833)
... Removed 17 stack frames]]>
    </failure>
  </testcase> <!-- SubmitOrder -->
</testsuite> <!-- StandAloneOrderTest -->
