<?xml version="1.0" encoding="UTF-8"?>
<!-- Generated by org.testng.reporters.JUnitXMLReporter -->
<testsuite ignored="1" hostname="DESKTOP-9ER1FJU" failures="0" tests="2" name="StandAloneOrder" time="23.32" errors="0" timestamp="2024-06-05T02:12:11 IST">
  <testcase classname="poojaPrabhuraj.tests.StandAloneOrderTest" name="SubmitOrder" time="8.196"/>
  <testcase classname="poojaPrabhuraj.tests.StandAloneOrderTest" name="SubmitOrder" time="7.196"/>
  <testcase classname="poojaPrabhuraj.tests.StandAloneOrderTest" name="orderHistoryTest" time="0.0">
    <ignored/>
  </testcase> <!-- orderHistoryTest -->
</testsuite> <!-- StandAloneOrder -->
